<?xml version="1.0" encoding="UTF-8"?>
<testsuite xmlns:xsi="http://www.w3.org/2001/XMLSchema-instance" xsi:noNamespaceSchemaLocation="https://maven.apache.org/surefire/maven-surefire-plugin/xsd/surefire-test-report.xsd" name="com.jun0rr.util.test.TestCrypto" time="2.974" tests="3" errors="0" skipped="0" failures="0">
  <properties>
[...]
</properties>
  <testcase name="rsa_encrypt_password" classname="com.jun0rr.util.test.TestCrypto" time="0.485"/>
  <testcase name="encrypt_secretkey" classname="com.jun0rr.util.test.TestCrypto" time="0"/>
  <testcase name="gen_keypair" classname="com.jun0rr.util.test.TestCrypto" time="2.489"/>
</testsuite>