<?xml version="1.0" encoding="UTF-8"?>
<testsuite xmlns:xsi="http://www.w3.org/2001/XMLSchema-instance" xsi:noNamespaceSchemaLocation="https://maven.apache.org/surefire/maven-surefire-plugin/xsd/surefire-test-report.xsd" name="com.jun0rr.util.test.TestHash" time="0.212" tests="3" errors="0" skipped="0" failures="0">
  <properties>
[...]
</properties>
  <testcase name="test_mac" classname="com.jun0rr.util.test.TestHash" time="0.204"/>
  <testcase name="hash" classname="com.jun0rr.util.test.TestHash" time="0.001"/>
  <testcase name="hash_size" classname="com.jun0rr.util.test.TestHash" time="0.005"/>
</testsuite>