<?xml version="1.0" encoding="UTF-8"?>
<testsuite xmlns:xsi="http://www.w3.org/2001/XMLSchema-instance" xsi:noNamespaceSchemaLocation="https://maven.apache.org/surefire/maven-surefire-plugin/xsd/surefire-test-report.xsd" name="com.jun0rr.util.test.TestCondition" time="0.004" tests="2" errors="0" skipped="0" failures="0">
  <properties>
[...]
</properties>
  <testcase name="test_instanceof" classname="com.jun0rr.util.test.TestCondition" time="0.002"/>
  <testcase name="test_integer" classname="com.jun0rr.util.test.TestCondition" time="0"/>
</testsuite>